
 PASS 1
processing 
-1
[]
processing jump clear_screen_end
-1
['jump', 'clear_screen_end']
... @0 0000000000000000  :  1010100000000000000000
                          1010 10 0000000000000000   size=22
processing clear_screen:
-1
['clear_screen:']
processing     leti r1 1073350080
-1
['leti', 'r1', '1073350080']
... @22 0000000000010110  :  011100111000111111111110100000010111000000
                          0111 001 110 00111111111110100000010111000000   size=42
processing     setctr a0 r1
-1
['setctr', 'a0', 'r1']
... @64 0000000001000000  :  11011010001
                          110110 10 001    size=11
processing boucle:
-1
['boucle:']
processing     cmpi r1 1073677760
-1
['cmpi', 'r1', '1073677760']
... @75 0000000001001011  :  010100111000111111111111110000010111000000
                          0101 001 110 00111111111111110000010111000000   size=42
processing     jumpif ge fin
-1
['jumpif', 'ge', 'fin']
... @117 0000000001110101  :  1011101100000000000000000
                          1011 101 10 0000000000000000   size=25
processing     write a0 16 r0
-1
['write', 'a0', '16', 'r0']
... @142 0000000010001110  :  11010010101000
                          110100 10 101 000    size=14
processing     getctr a0 r1
-1
['getctr', 'a0', 'r1']
... @156 0000000010011100  :  11011110001
                          110111 10 001    size=11
processing     jump boucle
-1
['jump', 'boucle']
... @167 0000000010100111  :  1010101111111110001110
                          1010 10 1111111110001110   size=22
processing fin:
-1
['fin:']
processing     return
-1
['return']
... @189 0000000010111101  :  1110001
                          1110001    size=7
processing clear_screen_end:
-1
['clear_screen_end:']

 PASS 2
processing 
-1
[]
processing jump clear_screen_end
-1
['jump', 'clear_screen_end']
... @0 0000000000000000  :  1010100000000010101110
                          1010 10 0000000010101110   size=22
processing clear_screen:
-1
['clear_screen:']
processing     leti r1 1073350080
-1
['leti', 'r1', '1073350080']
... @22 0000000000010110  :  011100111000111111111110100000010111000000
                          0111 001 110 00111111111110100000010111000000   size=42
processing     setctr a0 r1
-1
['setctr', 'a0', 'r1']
... @64 0000000001000000  :  11011010001
                          110110 10 001    size=11
processing boucle:
-1
['boucle:']
processing     cmpi r1 1073677760
-1
['cmpi', 'r1', '1073677760']
... @75 0000000001001011  :  010100111000111111111111110000010111000000
                          0101 001 110 00111111111111110000010111000000   size=42
processing     jumpif ge fin
-1
['jumpif', 'ge', 'fin']
... @117 0000000001110101  :  1011101100000000000101111
                          1011 101 10 0000000000101111   size=25
processing     write a0 16 r0
-1
['write', 'a0', '16', 'r0']
... @142 0000000010001110  :  11010010101000
                          110100 10 101 000    size=14
processing     getctr a0 r1
-1
['getctr', 'a0', 'r1']
... @156 0000000010011100  :  11011110001
                          110111 10 001    size=11
processing     jump boucle
-1
['jump', 'boucle']
... @167 0000000010100111  :  1010101111111110001110
                          1010 10 1111111110001110   size=22
processing fin:
-1
['fin:']
processing     return
-1
['return']
... @189 0000000010111101  :  1110001
                          1110001    size=7
processing clear_screen_end:
-1
['clear_screen_end:']
Average instruction size is 14.0
