
 PASS 1
processing .plot 31 5 9
-1
['.plot', '31', '5', '9']
... @0 0000000000000000  :  011100010000111110111001100000010101110101000001001110101100000000000000000
                          0111 000 10 000111110111 001 10 000001010111 010 10 00001001110101 10 0000000000000000   size=75
processing 
-1
[]
processing 
-1
[]
processing jump plotend
-1
['jump', 'plotend']
... @75 0000000001001011  :  1010100000000000000000
                          1010 10 0000000000000000   size=22
processing plot:
-1
['plot:']
processing     push 64 r0
-1
['push', '64', 'r0']
... @97 0000000001100001  :  1110000111000
                          1110000 111 000    size=13
processing     push 64 r1
-1
['push', '64', 'r1']
... @110 0000000001101110  :  1110000111001
                          1110000 111 001    size=13
processing     push 64 r2
-1
['push', '64', 'r2']
... @123 0000000001111011  :  1110000111010
                          1110000 111 010    size=13
processing     push 64 r3
-1
['push', '64', 'r3']
... @136 0000000010001000  :  1110000111011
                          1110000 111 011    size=13
processing 
-1
[]
processing     leti r3 1073350080
-1
['leti', 'r3', '1073350080']
... @149 0000000010010101  :  011101111000111111111110100000010111000000
                          0111 011 110 00111111111110100000010111000000   size=42
processing     sub2i r2 127
-1
['sub2i', 'r2', '127']
... @191 0000000010111111  :  00110101001111111
                          0011 010 10 01111111   size=17
processing     shift left r2 9
-1
['shift', 'left', 'r2', '9']
... @208 0000000011010000  :  100000100001001
                          1000 0 010 0001001   size=15
processing     sub2 r3 r2
-1
['sub2', 'r3', 'r2']
... @223 0000000011011111  :  0010011010
                          0010 011 010    size=10
processing     shift left r2 2
-1
['shift', 'left', 'r2', '2']
... @233 0000000011101001  :  100000100000010
                          1000 0 010 0000010   size=15
processing     sub2 r3 r2
-1
['sub2', 'r3', 'r2']
... @248 0000000011111000  :  0010011010
                          0010 011 010    size=10
processing     shift left r1 4
-1
['shift', 'left', 'r1', '4']
... @258 0000000100000010  :  100000010000100
                          1000 0 001 0000100   size=15
processing     add2 r3 r1
-1
['add2', 'r3', 'r1']
... @273 0000000100010001  :  0000011001
                          0000 011 001    size=10
processing     setctr a0 r3
-1
['setctr', 'a0', 'r3']
... @283 0000000100011011  :  11011010011
                          110110 10 011    size=11
processing     write a0 16 r0
-1
['write', 'a0', '16', 'r0']
... @294 0000000100100110  :  11010010101000
                          110100 10 101 000    size=14
processing     return
-1
['return']
... @308 0000000100110100  :  1110001
                          1110001    size=7
processing     
-1
[]
processing     pop 64 r3
-1
['pop', '64', 'r3']
... @315 0000000100111011  :  1001101111011
                          10011 01 111 011    size=13
processing     pop 64 r2
-1
['pop', '64', 'r2']
... @328 0000000101001000  :  1001101111010
                          10011 01 111 010    size=13
processing     pop 64 r1
-1
['pop', '64', 'r1']
... @341 0000000101010101  :  1001101111001
                          10011 01 111 001    size=13
processing     pop 64 r0
-1
['pop', '64', 'r0']
... @354 0000000101100010  :  1001101111000
                          10011 01 111 000    size=13
processing plotend:
-1
['plotend:']

 PASS 2
processing .plot 31 5 9
-1
['.plot', '31', '5', '9']
... @0 0000000000000000  :  011100010000111110111001100000010101110101000001001110101100000000001100001
                          0111 000 10 000111110111 001 10 000001010111 010 10 00001001110101 10 0000000001100001   size=75
processing 
-1
[]
processing 
-1
[]
processing jump plotend
-1
['jump', 'plotend']
... @75 0000000001001011  :  1010100000000100001110
                          1010 10 0000000100001110   size=22
processing plot:
-1
['plot:']
processing     push 64 r0
-1
['push', '64', 'r0']
... @97 0000000001100001  :  1110000111000
                          1110000 111 000    size=13
processing     push 64 r1
-1
['push', '64', 'r1']
... @110 0000000001101110  :  1110000111001
                          1110000 111 001    size=13
processing     push 64 r2
-1
['push', '64', 'r2']
... @123 0000000001111011  :  1110000111010
                          1110000 111 010    size=13
processing     push 64 r3
-1
['push', '64', 'r3']
... @136 0000000010001000  :  1110000111011
                          1110000 111 011    size=13
processing 
-1
[]
processing     leti r3 1073350080
-1
['leti', 'r3', '1073350080']
... @149 0000000010010101  :  011101111000111111111110100000010111000000
                          0111 011 110 00111111111110100000010111000000   size=42
processing     sub2i r2 127
-1
['sub2i', 'r2', '127']
... @191 0000000010111111  :  00110101001111111
                          0011 010 10 01111111   size=17
processing     shift left r2 9
-1
['shift', 'left', 'r2', '9']
... @208 0000000011010000  :  100000100001001
                          1000 0 010 0001001   size=15
processing     sub2 r3 r2
-1
['sub2', 'r3', 'r2']
... @223 0000000011011111  :  0010011010
                          0010 011 010    size=10
processing     shift left r2 2
-1
['shift', 'left', 'r2', '2']
... @233 0000000011101001  :  100000100000010
                          1000 0 010 0000010   size=15
processing     sub2 r3 r2
-1
['sub2', 'r3', 'r2']
... @248 0000000011111000  :  0010011010
                          0010 011 010    size=10
processing     shift left r1 4
-1
['shift', 'left', 'r1', '4']
... @258 0000000100000010  :  100000010000100
                          1000 0 001 0000100   size=15
processing     add2 r3 r1
-1
['add2', 'r3', 'r1']
... @273 0000000100010001  :  0000011001
                          0000 011 001    size=10
processing     setctr a0 r3
-1
['setctr', 'a0', 'r3']
... @283 0000000100011011  :  11011010011
                          110110 10 011    size=11
processing     write a0 16 r0
-1
['write', 'a0', '16', 'r0']
... @294 0000000100100110  :  11010010101000
                          110100 10 101 000    size=14
processing     return
-1
['return']
... @308 0000000100110100  :  1110001
                          1110001    size=7
processing     
-1
[]
processing     pop 64 r3
-1
['pop', '64', 'r3']
... @315 0000000100111011  :  1001101111011
                          10011 01 111 011    size=13
processing     pop 64 r2
-1
['pop', '64', 'r2']
... @328 0000000101001000  :  1001101111010
                          10011 01 111 010    size=13
processing     pop 64 r1
-1
['pop', '64', 'r1']
... @341 0000000101010101  :  1001101111001
                          10011 01 111 001    size=13
processing     pop 64 r0
-1
['pop', '64', 'r0']
... @354 0000000101100010  :  1001101111000
                          10011 01 111 000    size=13
processing plotend:
-1
['plotend:']
Average instruction size is 13.5925925926
