
 PASS 1
processing jump plotend
-1
['jump', 'plotend']
... @0 0000000000000000  :  1010100000000000000000
                          1010 10 0000000000000000   size=22
processing plot:
-1
['plot:']
processing     push 64 r0
-1
['push', '64', 'r0']
... @22 0000000000010110  :  1110000111000
                          1110000 111 000    size=13
processing     push 64 r1
-1
['push', '64', 'r1']
... @35 0000000000100011  :  1110000111001
                          1110000 111 001    size=13
processing     push 64 r2
-1
['push', '64', 'r2']
... @48 0000000000110000  :  1110000111010
                          1110000 111 010    size=13
processing     push 64 r3
-1
['push', '64', 'r3']
... @61 0000000000111101  :  1110000111011
                          1110000 111 011    size=13
processing 
-1
[]
processing     leti r3 1073350080
-1
['leti', 'r3', '1073350080']
... @74 0000000001001010  :  011101111000111111111110100000010111000000
                          0111 011 110 00111111111110100000010111000000   size=42
processing     sub2i r2 127
-1
['sub2i', 'r2', '127']
... @116 0000000001110100  :  00110101001111111
                          0011 010 10 01111111   size=17
processing     shift left r2 9
-1
['shift', 'left', 'r2', '9']
... @133 0000000010000101  :  100000100001001
                          1000 0 010 0001001   size=15
processing     sub2 r3 r2
-1
['sub2', 'r3', 'r2']
... @148 0000000010010100  :  0010011010
                          0010 011 010    size=10
processing     shift left r2 2
-1
['shift', 'left', 'r2', '2']
... @158 0000000010011110  :  100000100000010
                          1000 0 010 0000010   size=15
processing     sub2 r3 r2
-1
['sub2', 'r3', 'r2']
... @173 0000000010101101  :  0010011010
                          0010 011 010    size=10
processing     shift left r1 4
-1
['shift', 'left', 'r1', '4']
... @183 0000000010110111  :  100000010000100
                          1000 0 001 0000100   size=15
processing     add2 r3 r1
-1
['add2', 'r3', 'r1']
... @198 0000000011000110  :  0000011001
                          0000 011 001    size=10
processing     setctr a0 r3
-1
['setctr', 'a0', 'r3']
... @208 0000000011010000  :  11011010011
                          110110 10 011    size=11
processing     write a0 16 r0
-1
['write', 'a0', '16', 'r0']
... @219 0000000011011011  :  11010010101000
                          110100 10 101 000    size=14
processing     return
-1
['return']
... @233 0000000011101001  :  1110001
                          1110001    size=7
processing     
-1
[]
processing     pop 64 r3
-1
['pop', '64', 'r3']
... @240 0000000011110000  :  1001101111011
                          10011 01 111 011    size=13
processing     pop 64 r2
-1
['pop', '64', 'r2']
... @253 0000000011111101  :  1001101111010
                          10011 01 111 010    size=13
processing     pop 64 r1
-1
['pop', '64', 'r1']
... @266 0000000100001010  :  1001101111001
                          10011 01 111 001    size=13
processing     pop 64 r0
-1
['pop', '64', 'r0']
... @279 0000000100010111  :  1001101111000
                          10011 01 111 000    size=13
processing plotend:
-1
['plotend:']

 PASS 2
processing jump plotend
-1
['jump', 'plotend']
... @0 0000000000000000  :  1010100000000100001110
                          1010 10 0000000100001110   size=22
processing plot:
-1
['plot:']
processing     push 64 r0
-1
['push', '64', 'r0']
... @22 0000000000010110  :  1110000111000
                          1110000 111 000    size=13
processing     push 64 r1
-1
['push', '64', 'r1']
... @35 0000000000100011  :  1110000111001
                          1110000 111 001    size=13
processing     push 64 r2
-1
['push', '64', 'r2']
... @48 0000000000110000  :  1110000111010
                          1110000 111 010    size=13
processing     push 64 r3
-1
['push', '64', 'r3']
... @61 0000000000111101  :  1110000111011
                          1110000 111 011    size=13
processing 
-1
[]
processing     leti r3 1073350080
-1
['leti', 'r3', '1073350080']
... @74 0000000001001010  :  011101111000111111111110100000010111000000
                          0111 011 110 00111111111110100000010111000000   size=42
processing     sub2i r2 127
-1
['sub2i', 'r2', '127']
... @116 0000000001110100  :  00110101001111111
                          0011 010 10 01111111   size=17
processing     shift left r2 9
-1
['shift', 'left', 'r2', '9']
... @133 0000000010000101  :  100000100001001
                          1000 0 010 0001001   size=15
processing     sub2 r3 r2
-1
['sub2', 'r3', 'r2']
... @148 0000000010010100  :  0010011010
                          0010 011 010    size=10
processing     shift left r2 2
-1
['shift', 'left', 'r2', '2']
... @158 0000000010011110  :  100000100000010
                          1000 0 010 0000010   size=15
processing     sub2 r3 r2
-1
['sub2', 'r3', 'r2']
... @173 0000000010101101  :  0010011010
                          0010 011 010    size=10
processing     shift left r1 4
-1
['shift', 'left', 'r1', '4']
... @183 0000000010110111  :  100000010000100
                          1000 0 001 0000100   size=15
processing     add2 r3 r1
-1
['add2', 'r3', 'r1']
... @198 0000000011000110  :  0000011001
                          0000 011 001    size=10
processing     setctr a0 r3
-1
['setctr', 'a0', 'r3']
... @208 0000000011010000  :  11011010011
                          110110 10 011    size=11
processing     write a0 16 r0
-1
['write', 'a0', '16', 'r0']
... @219 0000000011011011  :  11010010101000
                          110100 10 101 000    size=14
processing     return
-1
['return']
... @233 0000000011101001  :  1110001
                          1110001    size=7
processing     
-1
[]
processing     pop 64 r3
-1
['pop', '64', 'r3']
... @240 0000000011110000  :  1001101111011
                          10011 01 111 011    size=13
processing     pop 64 r2
-1
['pop', '64', 'r2']
... @253 0000000011111101  :  1001101111010
                          10011 01 111 010    size=13
processing     pop 64 r1
-1
['pop', '64', 'r1']
... @266 0000000100001010  :  1001101111001
                          10011 01 111 001    size=13
processing     pop 64 r0
-1
['pop', '64', 'r0']
... @279 0000000100010111  :  1001101111000
                          10011 01 111 000    size=13
processing plotend:
-1
['plotend:']
Average instruction size is 12.1666666667
